26/05/29 16:33:15 WARN NativeCodeLoader: Unable to load native-hadoop library for your platform... using builtin-java classes where applicable
Using Spark's default log4j profile: org/apache/spark/log4j-defaults.properties
26/05/29 16:33:16 INFO SparkContext: Running Spark version 3.1.1
26/05/29 16:33:16 INFO ResourceUtils: ==============================================================
26/05/29 16:33:16 INFO ResourceUtils: No custom resources configured for spark.driver.
26/05/29 16:33:16 INFO ResourceUtils: ==============================================================
26/05/29 16:33:16 INFO SparkContext: Submitted application: Job31-AirlineStatistics-SparkSQL-pct_025
26/05/29 16:33:16 INFO ResourceProfile: Default ResourceProfile created, executor resources: Map(cores -> name: cores, amount: 1, script: , vendor: , memory -> name: memory, amount: 1024, script: , vendor: , offHeap -> name: offHeap, amount: 0, script: , vendor: ), task resources: Map(cpus -> name: cpus, amount: 1.0)
26/05/29 16:33:16 INFO ResourceProfile: Limiting resource is cpu
26/05/29 16:33:16 INFO ResourceProfileManager: Added ResourceProfile id: 0
26/05/29 16:33:16 INFO SecurityManager: Changing view acls to: root
26/05/29 16:33:16 INFO SecurityManager: Changing modify acls to: root
26/05/29 16:33:16 INFO SecurityManager: Changing view acls groups to: 
26/05/29 16:33:16 INFO SecurityManager: Changing modify acls groups to: 
26/05/29 16:33:16 INFO SecurityManager: SecurityManager: authentication disabled; ui acls disabled; users  with view permissions: Set(root); groups with view permissions: Set(); users  with modify permissions: Set(root); groups with modify permissions: Set()
26/05/29 16:33:16 INFO Utils: Successfully started service 'sparkDriver' on port 40459.
26/05/29 16:33:16 INFO SparkEnv: Registering MapOutputTracker
26/05/29 16:33:16 INFO SparkEnv: Registering BlockManagerMaster
26/05/29 16:33:16 INFO BlockManagerMasterEndpoint: Using org.apache.spark.storage.DefaultTopologyMapper for getting topology information
26/05/29 16:33:16 INFO BlockManagerMasterEndpoint: BlockManagerMasterEndpoint up
26/05/29 16:33:16 INFO SparkEnv: Registering BlockManagerMasterHeartbeat
26/05/29 16:33:16 INFO DiskBlockManager: Created local directory at /tmp/blockmgr-d757292b-b0ee-43c6-80ba-421a67390f6b
26/05/29 16:33:16 INFO MemoryStore: MemoryStore started with capacity 366.3 MiB
26/05/29 16:33:16 INFO SparkEnv: Registering OutputCommitCoordinator
26/05/29 16:33:16 INFO Utils: Successfully started service 'SparkUI' on port 4040.
26/05/29 16:33:16 INFO SparkUI: Bound SparkUI to 0.0.0.0, and started at http://475910694bd2:4040
26/05/29 16:33:17 INFO StandaloneAppClient$ClientEndpoint: Connecting to master spark://spark-master:7077...
26/05/29 16:33:17 INFO TransportClientFactory: Successfully created connection to spark-master/172.20.0.2:7077 after 19 ms (0 ms spent in bootstraps)
26/05/29 16:33:17 INFO StandaloneSchedulerBackend: Connected to Spark cluster with app ID app-20260529163317-0002
26/05/29 16:33:17 INFO StandaloneAppClient$ClientEndpoint: Executor added: app-20260529163317-0002/0 on worker-20260529162150-172.20.0.4-44961 (172.20.0.4:44961) with 2 core(s)
26/05/29 16:33:17 INFO StandaloneSchedulerBackend: Granted executor ID app-20260529163317-0002/0 on hostPort 172.20.0.4:44961 with 2 core(s), 1024.0 MiB RAM
26/05/29 16:33:17 INFO StandaloneAppClient$ClientEndpoint: Executor added: app-20260529163317-0002/1 on worker-20260529162150-172.20.0.5-33965 (172.20.0.5:33965) with 2 core(s)
26/05/29 16:33:17 INFO StandaloneSchedulerBackend: Granted executor ID app-20260529163317-0002/1 on hostPort 172.20.0.5:33965 with 2 core(s), 1024.0 MiB RAM
26/05/29 16:33:17 INFO Utils: Successfully started service 'org.apache.spark.network.netty.NettyBlockTransferService' on port 38715.
26/05/29 16:33:17 INFO NettyBlockTransferService: Server created on 475910694bd2:38715
26/05/29 16:33:17 INFO BlockManager: Using org.apache.spark.storage.RandomBlockReplicationPolicy for block replication policy
26/05/29 16:33:17 INFO BlockManagerMaster: Registering BlockManager BlockManagerId(driver, 475910694bd2, 38715, None)
26/05/29 16:33:17 INFO BlockManagerMasterEndpoint: Registering block manager 475910694bd2:38715 with 366.3 MiB RAM, BlockManagerId(driver, 475910694bd2, 38715, None)
26/05/29 16:33:17 INFO BlockManagerMaster: Registered BlockManager BlockManagerId(driver, 475910694bd2, 38715, None)
26/05/29 16:33:17 INFO BlockManager: Initialized BlockManager: BlockManagerId(driver, 475910694bd2, 38715, None)
26/05/29 16:33:17 INFO StandaloneAppClient$ClientEndpoint: Executor updated: app-20260529163317-0002/0 is now RUNNING
26/05/29 16:33:17 INFO StandaloneAppClient$ClientEndpoint: Executor updated: app-20260529163317-0002/1 is now RUNNING
26/05/29 16:33:17 INFO StandaloneSchedulerBackend: SchedulerBackend is ready for scheduling beginning after reached minRegisteredResourcesRatio: 0.0
26/05/29 16:33:17 INFO SharedState: Setting hive.metastore.warehouse.dir ('null') to the value of spark.sql.warehouse.dir ('file:/spark-warehouse').
26/05/29 16:33:17 INFO SharedState: Warehouse path is 'file:/spark-warehouse'.
============================================================
JOB 3.1 — Statistiche Compagnie Aeree (Spark SQL)
         Subset: pct_025  |  Input: hdfs://namenode:9000/data/subsets/pct_025
============================================================
Record caricati correttamente: 1,771,698 [subset=pct_025]

Prime 10 righe del risultato:
+-------+-------+-------------+-------------+-------------+-------------+---------------------+---------------------------------------+
|airline|airport|total_flights|min_arr_delay|max_arr_delay|avg_arr_delay|cancellation_rate_pct|active_months                          |
+-------+-------+-------------+-------------+-------------+-------------+---------------------+---------------------------------------+
|9E     |ABE    |243          |-44.0        |386.0        |-3.4         |0.0                  |[1, 2, 3, 4, 5, 6, 7, 8, 9, 10, 11, 12]|
|9E     |ABY    |7            |-24.0        |321.0        |57.29        |0.0                  |[2, 11, 12]                            |
|9E     |AEX    |218          |-31.0        |872.0        |15.5         |0.92                 |[1, 2, 3, 4, 5, 6, 7, 8, 9, 10, 11, 12]|
|9E     |AGS    |395          |-30.0        |526.0        |3.77         |2.28                 |[1, 2, 3, 4, 5, 6, 7, 8, 9, 10, 11, 12]|
|9E     |ALB    |290          |-51.0        |247.0        |-6.72        |2.76                 |[1, 2, 3, 4, 5, 6, 7, 8, 9, 10, 11, 12]|
|9E     |ATL    |6866         |-43.0        |1207.0       |2.37         |1.31                 |[1, 2, 3, 4, 5, 6, 7, 8, 9, 10, 11, 12]|
|9E     |ATW    |39           |-33.0        |328.0        |5.72         |0.0                  |[1, 4, 5, 6, 7, 10]                    |
|9E     |AUS    |99           |-28.0        |1069.0       |18.63        |1.01                 |[1, 2, 3, 4, 5, 6, 7]                  |
|9E     |AVL    |156          |-38.0        |463.0        |5.29         |1.92                 |[1, 2, 3, 4, 5, 6, 7, 8, 9, 10, 11, 12]|
|9E     |AZO    |4            |-10.0        |71.0         |18.25        |0.0                  |[1]                                    |
+-------+-------+-------------+-------------+-------------+-------------+---------------------+---------------------------------------+
only showing top 10 rows

Salvataggio JSON in: hdfs://namenode:9000/data/outputs/job31/pct_025/json
Salvataggio CSV in: hdfs://namenode:9000/data/outputs/job31/pct_025/csv

✅ Job 3.1 completato in 37.7s
