26/05/29 18:59:01 WARN NativeCodeLoader: Unable to load native-hadoop library for your platform... using builtin-java classes where applicable
Using Spark's default log4j profile: org/apache/spark/log4j-defaults.properties
26/05/29 18:59:02 INFO SparkContext: Running Spark version 3.1.1
26/05/29 18:59:02 INFO ResourceUtils: ==============================================================
26/05/29 18:59:02 INFO ResourceUtils: No custom resources configured for spark.driver.
26/05/29 18:59:02 INFO ResourceUtils: ==============================================================
26/05/29 18:59:02 INFO SparkContext: Submitted application: Job31-AirlineStatistics-SparkSQL-pct_100
26/05/29 18:59:02 INFO ResourceProfile: Default ResourceProfile created, executor resources: Map(cores -> name: cores, amount: 1, script: , vendor: , memory -> name: memory, amount: 1024, script: , vendor: , offHeap -> name: offHeap, amount: 0, script: , vendor: ), task resources: Map(cpus -> name: cpus, amount: 1.0)
26/05/29 18:59:02 INFO ResourceProfile: Limiting resource is cpu
26/05/29 18:59:02 INFO ResourceProfileManager: Added ResourceProfile id: 0
26/05/29 18:59:02 INFO SecurityManager: Changing view acls to: root
26/05/29 18:59:02 INFO SecurityManager: Changing modify acls to: root
26/05/29 18:59:02 INFO SecurityManager: Changing view acls groups to: 
26/05/29 18:59:02 INFO SecurityManager: Changing modify acls groups to: 
26/05/29 18:59:02 INFO SecurityManager: SecurityManager: authentication disabled; ui acls disabled; users  with view permissions: Set(root); groups with view permissions: Set(); users  with modify permissions: Set(root); groups with modify permissions: Set()
26/05/29 18:59:02 INFO Utils: Successfully started service 'sparkDriver' on port 33453.
26/05/29 18:59:02 INFO SparkEnv: Registering MapOutputTracker
26/05/29 18:59:02 INFO SparkEnv: Registering BlockManagerMaster
26/05/29 18:59:02 INFO BlockManagerMasterEndpoint: Using org.apache.spark.storage.DefaultTopologyMapper for getting topology information
26/05/29 18:59:02 INFO BlockManagerMasterEndpoint: BlockManagerMasterEndpoint up
26/05/29 18:59:02 INFO SparkEnv: Registering BlockManagerMasterHeartbeat
26/05/29 18:59:02 INFO DiskBlockManager: Created local directory at /tmp/blockmgr-5a2c88e9-9b3d-4c43-88ed-a3af733c8982
26/05/29 18:59:02 INFO MemoryStore: MemoryStore started with capacity 366.3 MiB
26/05/29 18:59:02 INFO SparkEnv: Registering OutputCommitCoordinator
26/05/29 18:59:03 INFO Utils: Successfully started service 'SparkUI' on port 4040.
26/05/29 18:59:03 INFO SparkUI: Bound SparkUI to 0.0.0.0, and started at http://475910694bd2:4040
26/05/29 18:59:03 INFO StandaloneAppClient$ClientEndpoint: Connecting to master spark://spark-master:7077...
26/05/29 18:59:03 INFO TransportClientFactory: Successfully created connection to spark-master/172.20.0.6:7077 after 21 ms (0 ms spent in bootstraps)
26/05/29 18:59:03 INFO StandaloneSchedulerBackend: Connected to Spark cluster with app ID app-20260529185903-0002
26/05/29 18:59:03 INFO StandaloneAppClient$ClientEndpoint: Executor added: app-20260529185903-0002/0 on worker-20260529185208-172.20.0.4-37299 (172.20.0.4:37299) with 2 core(s)
26/05/29 18:59:03 INFO StandaloneSchedulerBackend: Granted executor ID app-20260529185903-0002/0 on hostPort 172.20.0.4:37299 with 2 core(s), 1024.0 MiB RAM
26/05/29 18:59:03 INFO StandaloneAppClient$ClientEndpoint: Executor added: app-20260529185903-0002/1 on worker-20260529185208-172.20.0.2-42385 (172.20.0.2:42385) with 2 core(s)
26/05/29 18:59:03 INFO StandaloneSchedulerBackend: Granted executor ID app-20260529185903-0002/1 on hostPort 172.20.0.2:42385 with 2 core(s), 1024.0 MiB RAM
26/05/29 18:59:03 INFO Utils: Successfully started service 'org.apache.spark.network.netty.NettyBlockTransferService' on port 40731.
26/05/29 18:59:03 INFO NettyBlockTransferService: Server created on 475910694bd2:40731
26/05/29 18:59:03 INFO BlockManager: Using org.apache.spark.storage.RandomBlockReplicationPolicy for block replication policy
26/05/29 18:59:03 INFO BlockManagerMaster: Registering BlockManager BlockManagerId(driver, 475910694bd2, 40731, None)
26/05/29 18:59:03 INFO BlockManagerMasterEndpoint: Registering block manager 475910694bd2:40731 with 366.3 MiB RAM, BlockManagerId(driver, 475910694bd2, 40731, None)
26/05/29 18:59:03 INFO BlockManagerMaster: Registered BlockManager BlockManagerId(driver, 475910694bd2, 40731, None)
26/05/29 18:59:03 INFO BlockManager: Initialized BlockManager: BlockManagerId(driver, 475910694bd2, 40731, None)
26/05/29 18:59:03 INFO StandaloneAppClient$ClientEndpoint: Executor updated: app-20260529185903-0002/1 is now RUNNING
26/05/29 18:59:03 INFO StandaloneAppClient$ClientEndpoint: Executor updated: app-20260529185903-0002/0 is now RUNNING
26/05/29 18:59:03 INFO StandaloneSchedulerBackend: SchedulerBackend is ready for scheduling beginning after reached minRegisteredResourcesRatio: 0.0
26/05/29 18:59:03 INFO SharedState: Setting hive.metastore.warehouse.dir ('null') to the value of spark.sql.warehouse.dir ('file:/spark-warehouse').
26/05/29 18:59:03 INFO SharedState: Warehouse path is 'file:/spark-warehouse'.
============================================================
JOB 3.1 — Statistiche Compagnie Aeree (Spark SQL)
         Subset: pct_100  |  Input: hdfs://namenode:9000/data/subsets/pct_100
============================================================
Record caricati correttamente: 7,078,634 [subset=pct_100]

Prime 10 righe del risultato:
+-------+-------+-------------+-------------+-------------+-------------+---------------------+---------------------------------------+
|airline|airport|total_flights|min_arr_delay|max_arr_delay|avg_arr_delay|cancellation_rate_pct|active_months                          |
+-------+-------+-------------+-------------+-------------+-------------+---------------------+---------------------------------------+
|9E     |ABE    |1017         |-47.0        |575.0        |0.67         |1.38                 |[1, 2, 3, 4, 5, 6, 7, 8, 9, 10, 11, 12]|
|9E     |ABY    |38           |-32.0        |321.0        |4.37         |0.0                  |[1, 2, 3, 11, 12]                      |
|9E     |AEX    |878          |-34.0        |979.0        |9.6          |1.03                 |[1, 2, 3, 4, 5, 6, 7, 8, 9, 10, 11, 12]|
|9E     |AGS    |1603         |-36.0        |1091.0       |6.96         |2.06                 |[1, 2, 3, 4, 5, 6, 7, 8, 9, 10, 11, 12]|
|9E     |ALB    |1089         |-51.0        |394.0        |-4.38        |1.93                 |[1, 2, 3, 4, 5, 6, 7, 8, 9, 10, 11, 12]|
|9E     |ATL    |26877        |-43.0        |1207.0       |2.45         |1.09                 |[1, 2, 3, 4, 5, 6, 7, 8, 9, 10, 11, 12]|
|9E     |ATW    |176          |-34.0        |420.0        |9.34         |0.0                  |[1, 4, 5, 6, 7, 8, 9, 10]              |
|9E     |AUS    |379          |-35.0        |1225.0       |14.15        |0.53                 |[1, 2, 3, 4, 5, 6, 7, 11]              |
|9E     |AVL    |675          |-43.0        |949.0        |1.91         |2.07                 |[1, 2, 3, 4, 5, 6, 7, 8, 9, 10, 11, 12]|
|9E     |AZO    |14           |-22.0        |71.0         |-2.93        |0.0                  |[1]                                    |
+-------+-------+-------------+-------------+-------------+-------------+---------------------+---------------------------------------+
only showing top 10 rows

Salvataggio JSON in: hdfs://namenode:9000/data/outputs/job31/pct_100/json
Salvataggio CSV in: hdfs://namenode:9000/data/outputs/job31/pct_100/csv

✅ Job 3.1 completato in 40.6s
