26/05/29 19:05:21 WARN NativeCodeLoader: Unable to load native-hadoop library for your platform... using builtin-java classes where applicable
Using Spark's default log4j profile: org/apache/spark/log4j-defaults.properties
26/05/29 19:05:21 INFO SparkContext: Running Spark version 3.1.1
26/05/29 19:05:21 INFO ResourceUtils: ==============================================================
26/05/29 19:05:21 INFO ResourceUtils: No custom resources configured for spark.driver.
26/05/29 19:05:21 INFO ResourceUtils: ==============================================================
26/05/29 19:05:21 INFO SparkContext: Submitted application: Job33-AnomalyRanking-SparkSQL-pct_100
26/05/29 19:05:21 INFO ResourceProfile: Default ResourceProfile created, executor resources: Map(cores -> name: cores, amount: 1, script: , vendor: , memory -> name: memory, amount: 1024, script: , vendor: , offHeap -> name: offHeap, amount: 0, script: , vendor: ), task resources: Map(cpus -> name: cpus, amount: 1.0)
26/05/29 19:05:21 INFO ResourceProfile: Limiting resource is cpu
26/05/29 19:05:21 INFO ResourceProfileManager: Added ResourceProfile id: 0
26/05/29 19:05:21 INFO SecurityManager: Changing view acls to: root
26/05/29 19:05:21 INFO SecurityManager: Changing modify acls to: root
26/05/29 19:05:21 INFO SecurityManager: Changing view acls groups to: 
26/05/29 19:05:21 INFO SecurityManager: Changing modify acls groups to: 
26/05/29 19:05:21 INFO SecurityManager: SecurityManager: authentication disabled; ui acls disabled; users  with view permissions: Set(root); groups with view permissions: Set(); users  with modify permissions: Set(root); groups with modify permissions: Set()
26/05/29 19:05:22 INFO Utils: Successfully started service 'sparkDriver' on port 42787.
26/05/29 19:05:22 INFO SparkEnv: Registering MapOutputTracker
26/05/29 19:05:22 INFO SparkEnv: Registering BlockManagerMaster
26/05/29 19:05:22 INFO BlockManagerMasterEndpoint: Using org.apache.spark.storage.DefaultTopologyMapper for getting topology information
26/05/29 19:05:22 INFO BlockManagerMasterEndpoint: BlockManagerMasterEndpoint up
26/05/29 19:05:22 INFO SparkEnv: Registering BlockManagerMasterHeartbeat
26/05/29 19:05:22 INFO DiskBlockManager: Created local directory at /tmp/blockmgr-1e472179-2877-47b7-ae2f-085ea91b66fb
26/05/29 19:05:22 INFO MemoryStore: MemoryStore started with capacity 366.3 MiB
26/05/29 19:05:22 INFO SparkEnv: Registering OutputCommitCoordinator
26/05/29 19:05:22 INFO Utils: Successfully started service 'SparkUI' on port 4040.
26/05/29 19:05:22 INFO SparkUI: Bound SparkUI to 0.0.0.0, and started at http://475910694bd2:4040
26/05/29 19:05:22 INFO StandaloneAppClient$ClientEndpoint: Connecting to master spark://spark-master:7077...
26/05/29 19:05:22 INFO TransportClientFactory: Successfully created connection to spark-master/172.20.0.6:7077 after 20 ms (0 ms spent in bootstraps)
26/05/29 19:05:22 INFO StandaloneSchedulerBackend: Connected to Spark cluster with app ID app-20260529190522-0007
26/05/29 19:05:22 INFO StandaloneAppClient$ClientEndpoint: Executor added: app-20260529190522-0007/0 on worker-20260529185208-172.20.0.4-37299 (172.20.0.4:37299) with 2 core(s)
26/05/29 19:05:22 INFO Utils: Successfully started service 'org.apache.spark.network.netty.NettyBlockTransferService' on port 35299.
26/05/29 19:05:22 INFO NettyBlockTransferService: Server created on 475910694bd2:35299
26/05/29 19:05:22 INFO StandaloneSchedulerBackend: Granted executor ID app-20260529190522-0007/0 on hostPort 172.20.0.4:37299 with 2 core(s), 1024.0 MiB RAM
26/05/29 19:05:22 INFO StandaloneAppClient$ClientEndpoint: Executor added: app-20260529190522-0007/1 on worker-20260529185208-172.20.0.2-42385 (172.20.0.2:42385) with 2 core(s)
26/05/29 19:05:22 INFO BlockManager: Using org.apache.spark.storage.RandomBlockReplicationPolicy for block replication policy
26/05/29 19:05:22 INFO StandaloneSchedulerBackend: Granted executor ID app-20260529190522-0007/1 on hostPort 172.20.0.2:42385 with 2 core(s), 1024.0 MiB RAM
26/05/29 19:05:22 INFO BlockManagerMaster: Registering BlockManager BlockManagerId(driver, 475910694bd2, 35299, None)
26/05/29 19:05:22 INFO BlockManagerMasterEndpoint: Registering block manager 475910694bd2:35299 with 366.3 MiB RAM, BlockManagerId(driver, 475910694bd2, 35299, None)
26/05/29 19:05:22 INFO BlockManagerMaster: Registered BlockManager BlockManagerId(driver, 475910694bd2, 35299, None)
26/05/29 19:05:22 INFO BlockManager: Initialized BlockManager: BlockManagerId(driver, 475910694bd2, 35299, None)
26/05/29 19:05:22 INFO StandaloneAppClient$ClientEndpoint: Executor updated: app-20260529190522-0007/0 is now RUNNING
26/05/29 19:05:22 INFO StandaloneAppClient$ClientEndpoint: Executor updated: app-20260529190522-0007/1 is now RUNNING
26/05/29 19:05:23 INFO StandaloneSchedulerBackend: SchedulerBackend is ready for scheduling beginning after reached minRegisteredResourcesRatio: 0.0
26/05/29 19:05:23 INFO SharedState: Setting hive.metastore.warehouse.dir ('null') to the value of spark.sql.warehouse.dir ('file:/spark-warehouse').
26/05/29 19:05:23 INFO SharedState: Warehouse path is 'file:/spark-warehouse'.
============================================================
JOB 3.3 — Ranking Anomalie (Spark SQL)
         Subset: pct_100  |  Input: hdfs://namenode:9000/data/subsets/pct_100
============================================================
Record caricati: 7,078,634  [subset=pct_100]

Prime 10 righe del risultato:
+-------+-------+------------+-------------+-------------+---------------------+---------------------+---------------------+--------------+---------------+----------------+
|airport|airline|flight_count|avg_dep_delay|avg_arr_delay|cancellation_rate_pct|airport_avg_dep_delay|airport_total_flights|dep_delay_diff|rank_in_airport|anomaly_label   |
+-------+-------+------------+-------------+-------------+---------------------+---------------------+---------------------+--------------+---------------+----------------+
|ABE    |G4     |1839        |8.43         |0.64         |1.63                 |11.81                |4336                 |-3.38         |1              |NELLA_NORMA     |
|ABE    |9E     |1017        |9.42         |0.67         |1.38                 |11.81                |4336                 |-2.39         |2              |NELLA_NORMA     |
|ABE    |OH     |1165        |14.25        |3.12         |1.29                 |11.81                |4336                 |2.44          |3              |NELLA_NORMA     |
|ABE    |OO     |315         |30.63        |22.01        |3.81                 |11.81                |4336                 |18.82         |4              |ANOMALO_PEGGIORE|
|ABI    |MQ     |1757        |7.26         |4.41         |0.85                 |7.26                 |1757                 |0.0           |1              |NELLA_NORMA     |
|ABQ    |DL     |1547        |1.75         |-5.59        |0.9                  |9.13                 |24088                |-7.38         |1              |NELLA_NORMA     |
|ABQ    |OO     |3987        |2.1          |-2.05        |0.45                 |9.13                 |24088                |-7.03         |2              |NELLA_NORMA     |
|ABQ    |MQ     |907         |5.28         |3.25         |0.66                 |9.13                 |24088                |-3.85         |3              |NELLA_NORMA     |
|ABQ    |UA     |1822        |5.48         |-0.32        |1.04                 |9.13                 |24088                |-3.65         |4              |NELLA_NORMA     |
|ABQ    |AS     |423         |8.42         |4.52         |0.95                 |9.13                 |24088                |-0.71         |5              |NELLA_NORMA     |
+-------+-------+------------+-------------+-------------+---------------------+---------------------+---------------------+--------------+---------------+----------------+
only showing top 10 rows


Distribuzione label anomalie:
+----------------+-----+
|   anomaly_label|count|
+----------------+-----+
|     NELLA_NORMA| 1617|
|ANOMALO_PEGGIORE|  104|
|ANOMALO_MIGLIORE|   17|
+----------------+-----+


Top 10 compagnie più anomale (peggiori):
+-------+-------+-------------+--------------+---------------+
|airline|airport|avg_dep_delay|dep_delay_diff|rank_in_airport|
+-------+-------+-------------+--------------+---------------+
|OH     |MOB    |135.13       |126.02        |5              |
|9E     |DFW    |99.5         |80.63         |12             |
|AA     |RDM    |90.9         |75.54         |5              |
|B6     |HDN    |78.9         |64.27         |7              |
|9E     |TPA    |77.63        |63.38         |11             |
|G4     |SAT    |74.5         |63.06         |12             |
|NK     |LFT    |73.0         |57.73         |5              |
|G4     |RNO    |67.33        |57.06         |10             |
|MQ     |LAS    |66.96        |54.15         |12             |
|OO     |SRQ    |64.2         |51.56         |11             |
+-------+-------+-------------+--------------+---------------+
only showing top 10 rows


Salvataggio CSV  → hdfs://namenode:9000/data/outputs/job33/pct_100/csv
Salvataggio JSON → hdfs://namenode:9000/data/outputs/job33/pct_100/json

✅ Job 3.3 completato in 49.1s  [subset=pct_100, records=7,078,634]
   Output: hdfs://namenode:9000/data/outputs/job33/pct_100
