26/05/29 19:00:53 WARN NativeCodeLoader: Unable to load native-hadoop library for your platform... using builtin-java classes where applicable
Using Spark's default log4j profile: org/apache/spark/log4j-defaults.properties
26/05/29 19:00:54 INFO SparkContext: Running Spark version 3.1.1
26/05/29 19:00:54 INFO ResourceUtils: ==============================================================
26/05/29 19:00:54 INFO ResourceUtils: No custom resources configured for spark.driver.
26/05/29 19:00:54 INFO ResourceUtils: ==============================================================
26/05/29 19:00:54 INFO SparkContext: Submitted application: Job32-DelayReport-SparkCore-pct_100
26/05/29 19:00:54 INFO ResourceProfile: Default ResourceProfile created, executor resources: Map(cores -> name: cores, amount: 1, script: , vendor: , memory -> name: memory, amount: 1024, script: , vendor: , offHeap -> name: offHeap, amount: 0, script: , vendor: ), task resources: Map(cpus -> name: cpus, amount: 1.0)
26/05/29 19:00:54 INFO ResourceProfile: Limiting resource is cpu
26/05/29 19:00:54 INFO ResourceProfileManager: Added ResourceProfile id: 0
26/05/29 19:00:54 INFO SecurityManager: Changing view acls to: root
26/05/29 19:00:54 INFO SecurityManager: Changing modify acls to: root
26/05/29 19:00:54 INFO SecurityManager: Changing view acls groups to: 
26/05/29 19:00:54 INFO SecurityManager: Changing modify acls groups to: 
26/05/29 19:00:54 INFO SecurityManager: SecurityManager: authentication disabled; ui acls disabled; users  with view permissions: Set(root); groups with view permissions: Set(); users  with modify permissions: Set(root); groups with modify permissions: Set()
26/05/29 19:00:54 INFO Utils: Successfully started service 'sparkDriver' on port 34493.
26/05/29 19:00:54 INFO SparkEnv: Registering MapOutputTracker
26/05/29 19:00:54 INFO SparkEnv: Registering BlockManagerMaster
26/05/29 19:00:54 INFO BlockManagerMasterEndpoint: Using org.apache.spark.storage.DefaultTopologyMapper for getting topology information
26/05/29 19:00:54 INFO BlockManagerMasterEndpoint: BlockManagerMasterEndpoint up
26/05/29 19:00:54 INFO SparkEnv: Registering BlockManagerMasterHeartbeat
26/05/29 19:00:54 INFO DiskBlockManager: Created local directory at /tmp/blockmgr-2dd00317-4f52-447e-85a0-d61953966e5b
26/05/29 19:00:54 INFO MemoryStore: MemoryStore started with capacity 366.3 MiB
26/05/29 19:00:54 INFO SparkEnv: Registering OutputCommitCoordinator
26/05/29 19:00:54 INFO Utils: Successfully started service 'SparkUI' on port 4040.
26/05/29 19:00:54 INFO SparkUI: Bound SparkUI to 0.0.0.0, and started at http://475910694bd2:4040
26/05/29 19:00:55 INFO StandaloneAppClient$ClientEndpoint: Connecting to master spark://spark-master:7077...
26/05/29 19:00:55 INFO TransportClientFactory: Successfully created connection to spark-master/172.20.0.6:7077 after 21 ms (0 ms spent in bootstraps)
26/05/29 19:00:55 INFO StandaloneSchedulerBackend: Connected to Spark cluster with app ID app-20260529190055-0004
26/05/29 19:00:55 INFO StandaloneAppClient$ClientEndpoint: Executor added: app-20260529190055-0004/0 on worker-20260529185208-172.20.0.4-37299 (172.20.0.4:37299) with 2 core(s)
26/05/29 19:00:55 INFO StandaloneSchedulerBackend: Granted executor ID app-20260529190055-0004/0 on hostPort 172.20.0.4:37299 with 2 core(s), 1024.0 MiB RAM
26/05/29 19:00:55 INFO StandaloneAppClient$ClientEndpoint: Executor added: app-20260529190055-0004/1 on worker-20260529185208-172.20.0.2-42385 (172.20.0.2:42385) with 2 core(s)
26/05/29 19:00:55 INFO Utils: Successfully started service 'org.apache.spark.network.netty.NettyBlockTransferService' on port 33217.
26/05/29 19:00:55 INFO NettyBlockTransferService: Server created on 475910694bd2:33217
26/05/29 19:00:55 INFO StandaloneSchedulerBackend: Granted executor ID app-20260529190055-0004/1 on hostPort 172.20.0.2:42385 with 2 core(s), 1024.0 MiB RAM
26/05/29 19:00:55 INFO BlockManager: Using org.apache.spark.storage.RandomBlockReplicationPolicy for block replication policy
26/05/29 19:00:55 INFO BlockManagerMaster: Registering BlockManager BlockManagerId(driver, 475910694bd2, 33217, None)
26/05/29 19:00:55 INFO BlockManagerMasterEndpoint: Registering block manager 475910694bd2:33217 with 366.3 MiB RAM, BlockManagerId(driver, 475910694bd2, 33217, None)
26/05/29 19:00:55 INFO BlockManagerMaster: Registered BlockManager BlockManagerId(driver, 475910694bd2, 33217, None)
26/05/29 19:00:55 INFO BlockManager: Initialized BlockManager: BlockManagerId(driver, 475910694bd2, 33217, None)
26/05/29 19:00:55 INFO StandaloneAppClient$ClientEndpoint: Executor updated: app-20260529190055-0004/1 is now RUNNING
26/05/29 19:00:55 INFO StandaloneAppClient$ClientEndpoint: Executor updated: app-20260529190055-0004/0 is now RUNNING
26/05/29 19:00:55 INFO StandaloneSchedulerBackend: SchedulerBackend is ready for scheduling beginning after reached minRegisteredResourcesRatio: 0.0
26/05/29 19:00:55 INFO SharedState: Setting hive.metastore.warehouse.dir ('null') to the value of spark.sql.warehouse.dir ('file:/spark-warehouse').
26/05/29 19:00:55 INFO SharedState: Warehouse path is 'file:/spark-warehouse'.
============================================================
JOB 3.2 — Report Ritardi per Aeroporto (Spark Core RDD)
         Subset: pct_100  |  Input: hdfs://namenode:9000/data/subsets/pct_100
============================================================
Record caricati: 7,078,634
+-------+-----+-------------+-------------+----------+------------+---------------------------------------------------------------------+
|airport|month|avg_arr_delay|avg_dep_delay|delay_band|flight_count|top3_causes                                                          |
+-------+-----+-------------+-------------+----------+------------+---------------------------------------------------------------------+
|ABE    |1    |234.03       |241.3        |alto      |30          |[('Carrier', 3134.0), ('Late Aircraft', 3020.0), ('Weather', 1284.0)]|
|ABE    |1    |-13.9        |-5.3         |basso     |288         |[('Carrier', 3134.0), ('Late Aircraft', 3020.0), ('Weather', 1284.0)]|
|ABE    |1    |31.45        |34.32        |medio     |31          |[('Carrier', 3134.0), ('Late Aircraft', 3020.0), ('Weather', 1284.0)]|
|ABE    |2    |217.93       |227.93       |alto      |14          |[('Carrier', 1762.0), ('NAS', 759.0), ('Late Aircraft', 757.0)]      |
|ABE    |2    |-19.31       |-6.58        |basso     |300         |[('Carrier', 1762.0), ('NAS', 759.0), ('Late Aircraft', 757.0)]      |
|ABE    |2    |9.6          |29.7         |medio     |20          |[('Carrier', 1762.0), ('NAS', 759.0), ('Late Aircraft', 757.0)]      |
|ABE    |3    |163.39       |173.43       |alto      |23          |[('Carrier', 1588.0), ('Late Aircraft', 1571.0), ('NAS', 1251.0)]    |
|ABE    |3    |-18.26       |-6.15        |basso     |341         |[('Carrier', 1588.0), ('Late Aircraft', 1571.0), ('NAS', 1251.0)]    |
|ABE    |3    |19.89        |30.68        |medio     |28          |[('Carrier', 1588.0), ('Late Aircraft', 1571.0), ('NAS', 1251.0)]    |
|ABE    |4    |250.38       |258.66       |alto      |29          |[('Carrier', 4242.0), ('Late Aircraft', 2357.0), ('NAS', 1219.0)]    |
+-------+-----+-------------+-------------+----------+------------+---------------------------------------------------------------------+
only showing top 10 rows


✅ Job 3.2 completato in 82.0s
