26/05/30 08:04:42 WARN NativeCodeLoader: Unable to load native-hadoop library for your platform... using builtin-java classes where applicable
Using Spark's default log4j profile: org/apache/spark/log4j-defaults.properties
26/05/30 08:04:43 INFO SparkContext: Running Spark version 3.1.1
26/05/30 08:04:43 INFO ResourceUtils: ==============================================================
26/05/30 08:04:43 INFO ResourceUtils: No custom resources configured for spark.driver.
26/05/30 08:04:43 INFO ResourceUtils: ==============================================================
26/05/30 08:04:43 INFO SparkContext: Submitted application: FlightData2024-Cleaning
26/05/30 08:04:43 INFO ResourceProfile: Default ResourceProfile created, executor resources: Map(cores -> name: cores, amount: 1, script: , vendor: , memory -> name: memory, amount: 1024, script: , vendor: , offHeap -> name: offHeap, amount: 0, script: , vendor: ), task resources: Map(cpus -> name: cpus, amount: 1.0)
26/05/30 08:04:43 INFO ResourceProfile: Limiting resource is cpu
26/05/30 08:04:43 INFO ResourceProfileManager: Added ResourceProfile id: 0
26/05/30 08:04:43 INFO SecurityManager: Changing view acls to: root
26/05/30 08:04:43 INFO SecurityManager: Changing modify acls to: root
26/05/30 08:04:43 INFO SecurityManager: Changing view acls groups to: 
26/05/30 08:04:43 INFO SecurityManager: Changing modify acls groups to: 
26/05/30 08:04:43 INFO SecurityManager: SecurityManager: authentication disabled; ui acls disabled; users  with view permissions: Set(root); groups with view permissions: Set(); users  with modify permissions: Set(root); groups with modify permissions: Set()
26/05/30 08:04:43 INFO Utils: Successfully started service 'sparkDriver' on port 36953.
26/05/30 08:04:44 INFO SparkEnv: Registering MapOutputTracker
26/05/30 08:04:44 INFO SparkEnv: Registering BlockManagerMaster
26/05/30 08:04:44 INFO BlockManagerMasterEndpoint: Using org.apache.spark.storage.DefaultTopologyMapper for getting topology information
26/05/30 08:04:44 INFO BlockManagerMasterEndpoint: BlockManagerMasterEndpoint up
26/05/30 08:04:44 INFO SparkEnv: Registering BlockManagerMasterHeartbeat
26/05/30 08:04:44 INFO DiskBlockManager: Created local directory at /tmp/blockmgr-c54e4ad3-80c7-40c1-8cb7-b27558c86666
26/05/30 08:04:44 INFO MemoryStore: MemoryStore started with capacity 366.3 MiB
26/05/30 08:04:44 INFO SparkEnv: Registering OutputCommitCoordinator
26/05/30 08:04:44 INFO Utils: Successfully started service 'SparkUI' on port 4040.
26/05/30 08:04:44 INFO SparkUI: Bound SparkUI to 0.0.0.0, and started at http://549b6d7b819c:4040
26/05/30 08:04:44 INFO StandaloneAppClient$ClientEndpoint: Connecting to master spark://spark-master:7077...
26/05/30 08:04:44 INFO TransportClientFactory: Successfully created connection to spark-master/172.19.0.2:7077 after 37 ms (0 ms spent in bootstraps)
26/05/30 08:04:44 INFO StandaloneSchedulerBackend: Connected to Spark cluster with app ID app-20260530080444-0001
26/05/30 08:04:44 INFO StandaloneAppClient$ClientEndpoint: Executor added: app-20260530080444-0001/0 on worker-20260530075339-172.19.0.4-40503 (172.19.0.4:40503) with 2 core(s)
26/05/30 08:04:44 INFO StandaloneSchedulerBackend: Granted executor ID app-20260530080444-0001/0 on hostPort 172.19.0.4:40503 with 2 core(s), 1024.0 MiB RAM
26/05/30 08:04:44 INFO StandaloneAppClient$ClientEndpoint: Executor added: app-20260530080444-0001/1 on worker-20260530075339-172.19.0.3-46339 (172.19.0.3:46339) with 2 core(s)
26/05/30 08:04:44 INFO StandaloneSchedulerBackend: Granted executor ID app-20260530080444-0001/1 on hostPort 172.19.0.3:46339 with 2 core(s), 1024.0 MiB RAM
26/05/30 08:04:44 INFO Utils: Successfully started service 'org.apache.spark.network.netty.NettyBlockTransferService' on port 41033.
26/05/30 08:04:44 INFO NettyBlockTransferService: Server created on 549b6d7b819c:41033
26/05/30 08:04:44 INFO BlockManager: Using org.apache.spark.storage.RandomBlockReplicationPolicy for block replication policy
26/05/30 08:04:45 INFO BlockManagerMaster: Registering BlockManager BlockManagerId(driver, 549b6d7b819c, 41033, None)
26/05/30 08:04:45 INFO BlockManagerMasterEndpoint: Registering block manager 549b6d7b819c:41033 with 366.3 MiB RAM, BlockManagerId(driver, 549b6d7b819c, 41033, None)
26/05/30 08:04:45 INFO BlockManagerMaster: Registered BlockManager BlockManagerId(driver, 549b6d7b819c, 41033, None)
26/05/30 08:04:45 INFO BlockManager: Initialized BlockManager: BlockManagerId(driver, 549b6d7b819c, 41033, None)
26/05/30 08:04:45 INFO StandaloneAppClient$ClientEndpoint: Executor updated: app-20260530080444-0001/0 is now RUNNING
26/05/30 08:04:45 INFO StandaloneAppClient$ClientEndpoint: Executor updated: app-20260530080444-0001/1 is now RUNNING
26/05/30 08:04:45 INFO StandaloneSchedulerBackend: SchedulerBackend is ready for scheduling beginning after reached minRegisteredResourcesRatio: 0.0
26/05/30 08:04:46 INFO SharedState: Setting hive.metastore.warehouse.dir ('null') to the value of spark.sql.warehouse.dir ('file:/spark-warehouse').
26/05/30 08:04:46 INFO SharedState: Warehouse path is 'file:/spark-warehouse'.
============================================================
JOB: Data Cleaning — Flight Delay Dataset 2024
============================================================

[1/7] Lettura CSV...
Traceback (most recent call last):
  File "/jobs/00_data_cleaning.py", line 82, in <module>
    df_raw = spark.read.csv(LOCAL_INPUT, header=True, inferSchema=False)
  File "/spark/python/lib/pyspark.zip/pyspark/sql/readwriter.py", line 737, in csv
  File "/spark/python/lib/py4j-0.10.9-src.zip/py4j/java_gateway.py", line 1305, in __call__
  File "/spark/python/lib/pyspark.zip/pyspark/sql/utils.py", line 117, in deco
pyspark.sql.utils.AnalysisException: Path does not exist: file:/data/flights_2024.csv
